<?xml version="1.0" encoding="UTF-8"?>
<!-- Generated by org.testng.reporters.JUnitXMLReporter -->
<testsuite hostname="LAPTOP-1HMROTCT" ignored="1" name="Default test" tests="1" failures="0" timestamp="17 Feb 2020 18:01:02 GMT" time="3.929" errors="0">
  <testcase name="login1" time="3.895" classname="testcases.login"/>
  <testcase name="@BeforeSuite CrossBrowser" time="0.0" classname="Pkg1.BaseClass">
    <ignored/>
  </testcase> <!-- @BeforeSuite CrossBrowser -->
</testsuite> <!-- Default test -->
