<?xml version="1.0" encoding="UTF-8"?>
<testng-results skipped="0" failed="0" ignored="1" total="2" passed="1">
  <reporter-output>
  </reporter-output>
  <suite name="Default suite" duration-ms="3929" started-at="2020-02-17T18:00:58Z" finished-at="2020-02-17T18:01:02Z">
    <groups>
    </groups>
    <test name="Default test" duration-ms="3929" started-at="2020-02-17T18:00:58Z" finished-at="2020-02-17T18:01:02Z">
      <class name="Pkg1.BaseClass">
        <test-method status="PASS" signature="CrossBrowser()[pri:0, instance:Pkg1.BaseClass@b3d7190]" name="CrossBrowser" is-config="true" duration-ms="19255" started-at="2020-02-17T18:00:39Z" finished-at="2020-02-17T18:00:58Z">
          <reporter-output>
          </reporter-output>
        </test-method> <!-- CrossBrowser -->
      </class> <!-- Pkg1.BaseClass -->
      <class name="testcases.login">
        <test-method status="PASS" signature="login1()[pri:0, instance:testcases.login@5fdba6f9]" name="login1" duration-ms="3895" started-at="2020-02-17T18:00:58Z" finished-at="2020-02-17T18:01:02Z">
          <reporter-output>
          </reporter-output>
        </test-method> <!-- login1 -->
      </class> <!-- testcases.login -->
    </test> <!-- Default test -->
  </suite> <!-- Default suite -->
</testng-results>
